0 info it worked if it ends with ok
1 verbose cli [ 'C:\\Program Files\\nodejs\\node.exe',
1 verbose cli   'C:\\Program Files\\nodejs\\node_modules\\npm\\bin\\npm-cli.js',
1 verbose cli   'install' ]
2 info using npm@2.15.8
3 info using node@v4.4.7
4 verbose readDependencies loading dependencies from C:\Users\m543015\Desktop\GitHub\herokutomb\package.json
5 warn package.json node-example@0.0.1 No description
6 warn package.json node-example@0.0.1 No repository field.
7 warn package.json node-example@0.0.1 No README data
8 warn package.json node-example@0.0.1 No license field.
9 verbose install where, deps [ 'C:\\Users\\m543015\\Desktop\\GitHub\\herokutomb',
9 verbose install   [ 'express', 'mysql', 'fs', 'body-parser', 'memwatch' ] ]
10 verbose install where, peers [ 'C:\\Users\\m543015\\Desktop\\GitHub\\herokutomb', [] ]
11 verbose installManyTop reading for lifecycle C:\Users\m543015\Desktop\GitHub\herokutomb\package.json
12 info preinstall node-example@0.0.1
13 verbose installManyTop reading scoped package data from C:\Users\m543015\Desktop\GitHub\herokutomb\node_modules\body-parser\package.json
14 verbose installManyTop reading scoped package data from C:\Users\m543015\Desktop\GitHub\herokutomb\node_modules\express\package.json
15 verbose installManyTop reading scoped package data from C:\Users\m543015\Desktop\GitHub\herokutomb\node_modules\fs\package.json
16 verbose installManyTop reading scoped package data from C:\Users\m543015\Desktop\GitHub\herokutomb\node_modules\mysql\package.json
17 info package.json fs@0.0.1-security fs is also the name of a node core module.
18 verbose readDependencies loading dependencies from C:\Users\m543015\Desktop\GitHub\herokutomb\package.json
19 verbose targetResolver reading package data from C:\Users\m543015\Desktop\GitHub\herokutomb\node_modules\body-parser\package.json
20 verbose targetResolver reading package data from C:\Users\m543015\Desktop\GitHub\herokutomb\node_modules\express\package.json
21 verbose targetResolver reading package data from C:\Users\m543015\Desktop\GitHub\herokutomb\node_modules\fs\package.json
22 verbose targetResolver reading package data from C:\Users\m543015\Desktop\GitHub\herokutomb\node_modules\mysql\package.json
23 verbose already installed skipping body-parser@ C:\Users\m543015\Desktop\GitHub\herokutomb
24 silly cache add args [ 'memwatch@', null ]
25 verbose cache add spec memwatch@
26 verbose already installed skipping express@4.8.x C:\Users\m543015\Desktop\GitHub\herokutomb
27 verbose already installed skipping mysql@ C:\Users\m543015\Desktop\GitHub\herokutomb
28 silly cache add parsed spec Result {
28 silly cache add   raw: 'memwatch@',
28 silly cache add   scope: null,
28 silly cache add   name: 'memwatch',
28 silly cache add   rawSpec: '',
28 silly cache add   spec: 'latest',
28 silly cache add   type: 'tag' }
29 silly addNamed memwatch@latest
30 verbose addNamed "latest" is being treated as a dist-tag for memwatch
31 info addNameTag [ 'memwatch', 'latest' ]
32 silly mapToRegistry name memwatch
33 silly mapToRegistry using default registry
34 silly mapToRegistry registry https://registry.npmjs.org/
35 silly mapToRegistry data Result {
35 silly mapToRegistry   raw: 'memwatch',
35 silly mapToRegistry   scope: null,
35 silly mapToRegistry   name: 'memwatch',
35 silly mapToRegistry   rawSpec: '',
35 silly mapToRegistry   spec: 'latest',
35 silly mapToRegistry   type: 'tag' }
36 silly mapToRegistry uri https://registry.npmjs.org/memwatch
37 verbose addNameTag registry:https://registry.npmjs.org/memwatch not in flight; fetching
38 silly cache add args [ 'fs@', null ]
39 verbose cache add spec fs@
40 silly cache add parsed spec Result {
40 silly cache add   raw: 'fs@',
40 silly cache add   scope: null,
40 silly cache add   name: 'fs',
40 silly cache add   rawSpec: '',
40 silly cache add   spec: 'latest',
40 silly cache add   type: 'tag' }
41 silly addNamed fs@latest
42 verbose addNamed "latest" is being treated as a dist-tag for fs
43 info addNameTag [ 'fs', 'latest' ]
44 silly mapToRegistry name fs
45 silly mapToRegistry using default registry
46 silly mapToRegistry registry https://registry.npmjs.org/
47 silly mapToRegistry data Result {
47 silly mapToRegistry   raw: 'fs',
47 silly mapToRegistry   scope: null,
47 silly mapToRegistry   name: 'fs',
47 silly mapToRegistry   rawSpec: '',
47 silly mapToRegistry   spec: 'latest',
47 silly mapToRegistry   type: 'tag' }
48 silly mapToRegistry uri https://registry.npmjs.org/fs
49 verbose addNameTag registry:https://registry.npmjs.org/fs not in flight; fetching
50 verbose request uri https://registry.npmjs.org/memwatch
51 verbose request no auth needed
52 info attempt registry request try #1 at 9:40:27 AM
53 verbose request id c1e9100cb5fb1b4b
54 verbose etag "CORCMI8YMGQG9NHG2RQTHGA9Q"
55 http request GET https://registry.npmjs.org/memwatch
56 verbose request uri https://registry.npmjs.org/fs
57 verbose request no auth needed
58 info attempt registry request try #1 at 9:40:27 AM
59 verbose etag "9S4L5EPM9VTVQ4PS11R4PZOXI"
60 http request GET https://registry.npmjs.org/fs
61 http 304 https://registry.npmjs.org/fs
62 verbose headers { date: 'Tue, 01 Nov 2016 16:40:27 GMT',
62 verbose headers   via: '1.1 varnish',
62 verbose headers   'cache-control': 'max-age=300',
62 verbose headers   etag: '"9S4L5EPM9VTVQ4PS11R4PZOXI"',
62 verbose headers   age: '284',
62 verbose headers   connection: 'keep-alive',
62 verbose headers   'x-served-by': 'cache-sjc3146-SJC',
62 verbose headers   'x-cache': 'HIT',
62 verbose headers   'x-cache-hits': '1',
62 verbose headers   'x-timer': 'S1478018427.659307,VS0,VE0',
62 verbose headers   vary: 'Accept-Encoding' }
63 silly get cb [ 304,
63 silly get   { date: 'Tue, 01 Nov 2016 16:40:27 GMT',
63 silly get     via: '1.1 varnish',
63 silly get     'cache-control': 'max-age=300',
63 silly get     etag: '"9S4L5EPM9VTVQ4PS11R4PZOXI"',
63 silly get     age: '284',
63 silly get     connection: 'keep-alive',
63 silly get     'x-served-by': 'cache-sjc3146-SJC',
63 silly get     'x-cache': 'HIT',
63 silly get     'x-cache-hits': '1',
63 silly get     'x-timer': 'S1478018427.659307,VS0,VE0',
63 silly get     vary: 'Accept-Encoding' } ]
64 verbose etag https://registry.npmjs.org/fs from cache
65 verbose get saving fs to C:\Users\m543015\AppData\Roaming\npm-cache\registry.npmjs.org\fs\.cache.json
66 verbose correctMkdir C:\Users\m543015\AppData\Roaming\npm-cache correctMkdir not in flight; initializing
67 silly addNameTag next cb for fs with tag latest
68 silly addNamed fs@0.0.1-security
69 verbose addNamed "0.0.1-security" is a plain semver version for fs
70 silly cache afterAdd fs@0.0.1-security
71 verbose afterAdd C:\Users\m543015\AppData\Roaming\npm-cache\fs\0.0.1-security\package\package.json not in flight; writing
72 verbose correctMkdir C:\Users\m543015\AppData\Roaming\npm-cache correctMkdir not in flight; initializing
73 verbose afterAdd C:\Users\m543015\AppData\Roaming\npm-cache\fs\0.0.1-security\package\package.json written
74 info already installed fs@0.0.1-security
75 http 304 https://registry.npmjs.org/memwatch
76 verbose headers { date: 'Tue, 01 Nov 2016 16:40:27 GMT',
76 verbose headers   via: '1.1 varnish',
76 verbose headers   'cache-control': 'max-age=300',
76 verbose headers   etag: '"CORCMI8YMGQG9NHG2RQTHGA9Q"',
76 verbose headers   age: '0',
76 verbose headers   connection: 'keep-alive',
76 verbose headers   'x-served-by': 'cache-iad2131-IAD',
76 verbose headers   'x-cache': 'HIT',
76 verbose headers   'x-cache-hits': '1',
76 verbose headers   'x-timer': 'S1478018427.960886,VS0,VE98',
76 verbose headers   vary: 'Accept-Encoding' }
77 silly get cb [ 304,
77 silly get   { date: 'Tue, 01 Nov 2016 16:40:27 GMT',
77 silly get     via: '1.1 varnish',
77 silly get     'cache-control': 'max-age=300',
77 silly get     etag: '"CORCMI8YMGQG9NHG2RQTHGA9Q"',
77 silly get     age: '0',
77 silly get     connection: 'keep-alive',
77 silly get     'x-served-by': 'cache-iad2131-IAD',
77 silly get     'x-cache': 'HIT',
77 silly get     'x-cache-hits': '1',
77 silly get     'x-timer': 'S1478018427.960886,VS0,VE98',
77 silly get     vary: 'Accept-Encoding' } ]
78 verbose etag https://registry.npmjs.org/memwatch from cache
79 verbose get saving memwatch to C:\Users\m543015\AppData\Roaming\npm-cache\registry.npmjs.org\memwatch\.cache.json
80 verbose correctMkdir C:\Users\m543015\AppData\Roaming\npm-cache correctMkdir not in flight; initializing
81 silly addNameTag next cb for memwatch with tag latest
82 silly addNamed memwatch@0.2.2
83 verbose addNamed "0.2.2" is a plain semver version for memwatch
84 silly cache afterAdd memwatch@0.2.2
85 verbose afterAdd C:\Users\m543015\AppData\Roaming\npm-cache\memwatch\0.2.2\package\package.json not in flight; writing
86 verbose correctMkdir C:\Users\m543015\AppData\Roaming\npm-cache correctMkdir not in flight; initializing
87 verbose afterAdd C:\Users\m543015\AppData\Roaming\npm-cache\memwatch\0.2.2\package\package.json written
88 silly install resolved [ { name: 'memwatch',
88 silly install resolved     description: 'Keep an eye on your memory usage, and discover and isolate leaks.',
88 silly install resolved     version: '0.2.2',
88 silly install resolved     author: { name: 'Lloyd Hilaiel', url: 'http://lloyd.io' },
88 silly install resolved     engines: { node: '>= 0.6.0' },
88 silly install resolved     repository:
88 silly install resolved      { type: 'git',
88 silly install resolved        url: 'git+https://github.com/lloyd/node-memwatch.git' },
88 silly install resolved     main: 'include.js',
88 silly install resolved     licenses: [ [Object] ],
88 silly install resolved     bugs: { url: 'https://github.com/lloyd/node-memwatch/issues' },
88 silly install resolved     scripts: { install: 'node-gyp rebuild', test: 'mocha tests' },
88 silly install resolved     devDependencies: { mocha: '1.2.2', should: '0.6.3', 'node-gyp': '0.5.7' },
88 silly install resolved     contributors: [ [Object], [Object], [Object] ],
88 silly install resolved     readme: '`node-memwatch`: Leak Detection and Heap Diffing for Node.JS\n============================================================\n\n[![Build Status](https://secure.travis-ci.org/lloyd/node-memwatch.png)](http://travis-ci.org/lloyd/node-memwatch)\n\n`node-memwatch` is here to help you detect and find memory leaks in\nNode.JS code.  It provides:\n\n- A `leak` event, emitted when it appears your code is leaking memory.\n\n- A `stats` event, emitted occasionally, giving you\n  data describing your heap usage and trends over time.\n\n- A `HeapDiff` class that lets you compare the state of your heap between\n  two points in time, telling you what has been allocated, and what\n  has been released.\n\n\nInstallation\n------------\n\n- `npm install memwatch`\n\nor\n\n- `git clone git://github.com/lloyd/node-memwatch.git`\n\n\nDescription\n-----------\n\nThere are a growing number of tools for debugging and profiling memory\nusage in Node.JS applications, but there is still a need for a\nplatform-independent native module that requires no special\ninstrumentation.  This module attempts to satisfy that need.\n\nTo get started, import `node-memwatch` like so:\n\n```javascript\nvar memwatch = require(\'memwatch\');\n```\n\n### Leak Detection\n\nYou can then subscribe to `leak` events.  A `leak` event will be\nemitted when your heap usage has increased for five consecutive\ngarbage collections:\n\n```javascript\nmemwatch.on(\'leak\', function(info) { ... });\n```\n\nThe `info` object will look something like:\n\n```javascript\n{ start: Fri, 29 Jun 2012 14:12:13 GMT,\n  end: Fri, 29 Jun 2012 14:12:33 GMT,\n  growth: 67984,\n  reason: \'heap growth over 5 consecutive GCs (20s) - 11.67 mb/hr\' }\n```\n\n\n### Heap Usage\n\nThe best way to evaluate your memory footprint is to look at heap\nusage right aver V8 performs garbage collection.  `memwatch` does\nexactly this - it checks heap usage only after GC to give you a stable\nbaseline of your actual memory usage.\n\nWhen V8 performs a garbage collection (technically, we\'re talking\nabout a full GC with heap compaction), `memwatch` will emit a `stats`\nevent.\n\n```javascript\nmemwatch.on(\'stats\', function(stats) { ... });\n```\n\nThe `stats` data will look something like this:\n\n```javascript\n{\n  "num_full_gc": 17,\n  "num_inc_gc": 8,\n  "heap_compactions": 8,\n  "estimated_base": 2592568,\n  "current_base": 2592568,\n  "min": 2499912,\n  "max": 2592568,\n  "usage_trend": 0\n}\n```\n\n`estimated_base` and `usage_trend` are tracked over time.  If usage\ntrend is consistently positive, it indicates that your base heap size\nis continuously growing and you might have a leak.\n\nV8 has its own idea of when it\'s best to perform a GC, and under a\nheavy load, it may defer this action for some time.  To aid in\nspeedier debugging, `memwatch` provides a `gc()` method to force V8 to\ndo a full GC and heap compaction.\n\n\n### Heap Diffing\n\nSo far we have seen how `memwatch` can aid in leak detection.  For\nleak isolation, it provides a `HeapDiff` class that takes two snapshots\nand computes a diff between them.  For example:\n\n```javascript\n// Take first snapshot\nvar hd = new memwatch.HeapDiff();\n\n// do some things ...\n\n// Take the second snapshot and compute the diff\nvar diff = hd.end();\n```\n\nThe contents of `diff` will look something like:\n\n```javascript\n{\n  "before": { "nodes": 11625, "size_bytes": 1869904, "size": "1.78 mb" },\n  "after":  { "nodes": 21435, "size_bytes": 2119136, "size": "2.02 mb" },\n  "change": { "size_bytes": 249232, "size": "243.39 kb", "freed_nodes": 197,\n    "allocated_nodes": 10007,\n    "details": [\n      { "what": "String",\n        "size_bytes": -2120,  "size": "-2.07 kb",  "+": 3,    "-": 62\n      },\n      { "what": "Array",\n        "size_bytes": 66687,  "size": "65.13 kb",  "+": 4,    "-": 78\n      },\n      { "what": "LeakingClass",\n        "size_bytes": 239952, "size": "234.33 kb", "+": 9998, "-": 0\n      }\n    ]\n  }\n```\n\nThe diff shows that during the sample period, the total number of\nallocated `String` and `Array` classes decreased, but `Leaking Class`\ngrew by 9998 allocations.  Hmmm.\n\nYou can use `HeapDiff` in your `on(\'stats\')` callback; even though it\ntakes a memory snapshot, which triggers a V8 GC, it will not trigger\nthe `stats` event itself.  Because that would be silly.\n\n\nFuture Work\n-----------\n\nPlease see the Issues to share suggestions and contribute!\n\n\nLicense\n-------\n\nhttp://wtfpl.org\n',
88 silly install resolved     readmeFilename: 'README.md',
88 silly install resolved     _id: 'memwatch@0.2.2',
88 silly install resolved     dist:
88 silly install resolved      { shasum: '779e8cd982532b6221b6ed1c1269098bee16f92c',
88 silly install resolved        tarball: 'https://registry.npmjs.org/memwatch/-/memwatch-0.2.2.tgz' },
88 silly install resolved     _from: 'memwatch@latest',
88 silly install resolved     _npmVersion: '1.2.14',
88 silly install resolved     _npmUser: { name: 'lloyd', email: 'lloyd@hilaiel.com' },
88 silly install resolved     maintainers: [ [Object] ],
88 silly install resolved     directories: {},
88 silly install resolved     _shasum: '779e8cd982532b6221b6ed1c1269098bee16f92c',
88 silly install resolved     _resolved: 'https://registry.npmjs.org/memwatch/-/memwatch-0.2.2.tgz',
88 silly install resolved     gypfile: true,
88 silly install resolved     homepage: 'https://github.com/lloyd/node-memwatch#readme' } ]
89 info install memwatch@0.2.2 into C:\Users\m543015\Desktop\GitHub\herokutomb
90 info installOne memwatch@0.2.2
91 verbose installOne of memwatch to C:\Users\m543015\Desktop\GitHub\herokutomb not in flight; installing
92 verbose correctMkdir C:\Users\m543015\AppData\Roaming\npm-cache\_locks correctMkdir not in flight; initializing
93 verbose lock using C:\Users\m543015\AppData\Roaming\npm-cache\_locks\memwatch-92f1c70e08bf57b0.lock for C:\Users\m543015\Desktop\GitHub\herokutomb\node_modules\memwatch
94 silly install write writing memwatch 0.2.2 to C:\Users\m543015\Desktop\GitHub\herokutomb\node_modules\memwatch
95 verbose unbuild node_modules\memwatch
96 silly gentlyRm C:\Users\m543015\Desktop\GitHub\herokutomb\node_modules\memwatch is being purged from base C:\Users\m543015\Desktop\GitHub\herokutomb
97 verbose gentlyRm don't care about contents; nuking C:\Users\m543015\Desktop\GitHub\herokutomb\node_modules\memwatch
98 verbose tar unpack C:\Users\m543015\AppData\Roaming\npm-cache\memwatch\0.2.2\package.tgz
99 verbose tar unpacking to C:\Users\m543015\Desktop\GitHub\herokutomb\node_modules\memwatch
100 silly gentlyRm C:\Users\m543015\Desktop\GitHub\herokutomb\node_modules\memwatch is being purged
101 verbose gentlyRm don't care about contents; nuking C:\Users\m543015\Desktop\GitHub\herokutomb\node_modules\memwatch
102 silly gunzTarPerm modes [ '777', '666' ]
103 silly gunzTarPerm extractEntry package.json
104 silly gunzTarPerm modified mode [ 'package.json', 420, 438 ]
105 silly gunzTarPerm extractEntry .npmignore
106 silly gunzTarPerm modified mode [ '.npmignore', 420, 438 ]
107 silly gunzTarPerm extractEntry README.md
108 silly gunzTarPerm modified mode [ 'README.md', 420, 438 ]
109 silly gunzTarPerm extractEntry tests.js
110 silly gunzTarPerm modified mode [ 'tests.js', 420, 438 ]
111 silly gunzTarPerm extractEntry foo.js
112 silly gunzTarPerm modified mode [ 'foo.js', 420, 438 ]
113 silly gunzTarPerm extractEntry include.js
114 silly gunzTarPerm modified mode [ 'include.js', 420, 438 ]
115 silly gunzTarPerm extractEntry .travis.yml
116 silly gunzTarPerm modified mode [ '.travis.yml', 420, 438 ]
117 silly gunzTarPerm extractEntry ChangeLog
118 silly gunzTarPerm modified mode [ 'ChangeLog', 420, 438 ]
119 silly gunzTarPerm extractEntry #wscript#
120 silly gunzTarPerm modified mode [ '#wscript#', 420, 438 ]
121 silly gunzTarPerm extractEntry binding.gyp
122 silly gunzTarPerm modified mode [ 'binding.gyp', 420, 438 ]
123 silly gunzTarPerm extractEntry src/heapdiff.cc
124 silly gunzTarPerm modified mode [ 'src/heapdiff.cc', 420, 438 ]
125 silly gunzTarPerm extractEntry src/heapdiff.hh
126 silly gunzTarPerm modified mode [ 'src/heapdiff.hh', 420, 438 ]
127 silly gunzTarPerm extractEntry src/init.cc
128 silly gunzTarPerm modified mode [ 'src/init.cc', 420, 438 ]
129 silly gunzTarPerm extractEntry src/memwatch.cc
130 silly gunzTarPerm modified mode [ 'src/memwatch.cc', 420, 438 ]
131 silly gunzTarPerm extractEntry src/memwatch.hh
132 silly gunzTarPerm modified mode [ 'src/memwatch.hh', 420, 438 ]
133 silly gunzTarPerm extractEntry src/platformcompat.hh
134 silly gunzTarPerm modified mode [ 'src/platformcompat.hh', 420, 438 ]
135 silly gunzTarPerm extractEntry src/util.cc
136 silly gunzTarPerm modified mode [ 'src/util.cc', 420, 438 ]
137 silly gunzTarPerm extractEntry src/util.hh
138 silly gunzTarPerm modified mode [ 'src/util.hh', 420, 438 ]
139 silly gunzTarPerm extractEntry examples/basic_heapdiff.js
140 silly gunzTarPerm modified mode [ 'examples/basic_heapdiff.js', 420, 438 ]
141 silly gunzTarPerm extractEntry examples/do_nothing_server.js
142 silly gunzTarPerm modified mode [ 'examples/do_nothing_server.js', 420, 438 ]
143 silly gunzTarPerm extractEntry examples/slightly_leaky.js
144 silly gunzTarPerm modified mode [ 'examples/slightly_leaky.js', 420, 438 ]
145 verbose write writing to C:\Users\m543015\Desktop\GitHub\herokutomb\node_modules\memwatch\package.json
146 info preinstall memwatch@0.2.2
147 verbose readDependencies loading dependencies from C:\Users\m543015\Desktop\GitHub\herokutomb\node_modules\memwatch\package.json
148 verbose readDependencies loading dependencies from C:\Users\m543015\Desktop\GitHub\herokutomb\node_modules\memwatch\package.json
149 silly install resolved []
150 verbose about to build C:\Users\m543015\Desktop\GitHub\herokutomb\node_modules\memwatch
151 info build C:\Users\m543015\Desktop\GitHub\herokutomb\node_modules\memwatch
152 info linkStuff memwatch@0.2.2
153 silly linkStuff memwatch@0.2.2 has C:\Users\m543015\Desktop\GitHub\herokutomb\node_modules as its parent node_modules
154 verbose linkBins memwatch@0.2.2
155 verbose linkMans memwatch@0.2.2
156 verbose rebuildBundles memwatch@0.2.2
157 info install memwatch@0.2.2
158 verbose unsafe-perm in lifecycle true
159 info memwatch@0.2.2 Failed to exec install script
160 verbose unlock done using C:\Users\m543015\AppData\Roaming\npm-cache\_locks\memwatch-92f1c70e08bf57b0.lock for C:\Users\m543015\Desktop\GitHub\herokutomb\node_modules\memwatch
161 verbose stack Error: memwatch@0.2.2 install: `node-gyp rebuild`
161 verbose stack Exit status 1
161 verbose stack     at EventEmitter.<anonymous> (C:\Program Files\nodejs\node_modules\npm\lib\utils\lifecycle.js:217:16)
161 verbose stack     at emitTwo (events.js:87:13)
161 verbose stack     at EventEmitter.emit (events.js:172:7)
161 verbose stack     at ChildProcess.<anonymous> (C:\Program Files\nodejs\node_modules\npm\lib\utils\spawn.js:24:14)
161 verbose stack     at emitTwo (events.js:87:13)
161 verbose stack     at ChildProcess.emit (events.js:172:7)
161 verbose stack     at maybeClose (internal/child_process.js:827:16)
161 verbose stack     at Process.ChildProcess._handle.onexit (internal/child_process.js:211:5)
162 verbose pkgid memwatch@0.2.2
163 verbose cwd C:\Users\m543015\Desktop\GitHub\herokutomb
164 error Windows_NT 6.1.7601
165 error argv "C:\\Program Files\\nodejs\\node.exe" "C:\\Program Files\\nodejs\\node_modules\\npm\\bin\\npm-cli.js" "install"
166 error node v4.4.7
167 error npm  v2.15.8
168 error code ELIFECYCLE
169 error memwatch@0.2.2 install: `node-gyp rebuild`
169 error Exit status 1
170 error Failed at the memwatch@0.2.2 install script 'node-gyp rebuild'.
170 error This is most likely a problem with the memwatch package,
170 error not with npm itself.
170 error Tell the author that this fails on your system:
170 error     node-gyp rebuild
170 error You can get information on how to open an issue for this project with:
170 error     npm bugs memwatch
170 error Or if that isn't available, you can get their info via:
170 error
170 error     npm owner ls memwatch
170 error There is likely additional logging output above.
171 verbose exit [ 1, true ]
172 verbose unbuild node_modules\memwatch
173 info preuninstall memwatch@0.2.2
174 info uninstall memwatch@0.2.2
175 verbose unbuild rmStuff memwatch@0.2.2 from C:\Users\m543015\Desktop\GitHub\herokutomb\node_modules
176 info postuninstall memwatch@0.2.2
177 silly gentlyRm C:\Users\m543015\Desktop\GitHub\herokutomb\node_modules\memwatch is being purged from base C:\Users\m543015\Desktop\GitHub\herokutomb
178 verbose gentlyRm don't care about contents; nuking C:\Users\m543015\Desktop\GitHub\herokutomb\node_modules\memwatch
179 silly vacuum-fs purging C:\Users\m543015\Desktop\GitHub\herokutomb\node_modules\memwatch
180 silly vacuum-fs quitting because other entries in C:\Users\m543015\Desktop\GitHub\herokutomb\node_modules
